<?xml version="1.0" encoding="UTF-8"?>
<!-- Generated by org.testng.reporters.JUnitReportReporter -->
<testsuite skipped="0" hostname="DESKTOP-RKQETD7" name="testScripts.EcomTest2" tests="2" failures="0" timestamp="23 Jul 2020 09:56:40 GMT" time="26.420" errors="0">
  <testcase name="SelectProductToCart_test1" time="8.314" classname="testScripts.EcomTest2"/>
  <testcase name="SelectProductToCart_test1" time="18.106" classname="testScripts.EcomTest2"/>
</testsuite> <!-- testScripts.EcomTest2 -->
