<?xml version="1.0" encoding="UTF-8"?>
<!-- Generated by org.testng.reporters.JUnitReportReporter -->
<testsuite skipped="0" hostname="DESKTOP-RKQETD7" name="testScripts.EcomTest2" tests="2" failures="0" timestamp="23 Jul 2020 21:25:26 GMT" time="40.805" errors="0">
  <testcase name="SelectProductToCart_test1" time="22.610" classname="testScripts.EcomTest2"/>
  <testcase name="SelectProductToCart_test1" time="18.195" classname="testScripts.EcomTest2"/>
</testsuite> <!-- testScripts.EcomTest2 -->
